app/[locale]/dashboard/admin/page.tsx(245,54): error TS1005: ':' expected.
app/[locale]/dashboard/admin/page.tsx(245,62): error TS1381: Unexpected token. Did you mean `{'}'}` or `&rbrace;`?
app/[locale]/dashboard/admin/page.tsx(245,88): error TS1381: Unexpected token. Did you mean `{'}'}` or `&rbrace;`?
app/[locale]/dashboard/admin/page.tsx(287,56): error TS1005: ';' expected.
app/[locale]/dashboard/admin/page.tsx(539,61): error TS1005: ':' expected.
app/[locale]/dashboard/admin/page.tsx(539,71): error TS1381: Unexpected token. Did you mean `{'}'}` or `&rbrace;`?
app/[locale]/dashboard/admin/page.tsx(539,100): error TS1381: Unexpected token. Did you mean `{'}'}` or `&rbrace;`?
app/[locale]/dashboard/admin/page.tsx(579,49): error TS1005: ':' expected.
app/[locale]/dashboard/admin/page.tsx(579,62): error TS1381: Unexpected token. Did you mean `{'}'}` or `&rbrace;`?
app/[locale]/dashboard/admin/page.tsx(584,67): error TS1381: Unexpected token. Did you mean `{'}'}` or `&rbrace;`?
app/[locale]/dashboard/admin/page.tsx(671,59): error TS1005: ':' expected.
app/[locale]/dashboard/admin/page.tsx(671,69): error TS1381: Unexpected token. Did you mean `{'}'}` or `&rbrace;`?
app/[locale]/dashboard/admin/page.tsx(671,92): error TS1381: Unexpected token. Did you mean `{'}'}` or `&rbrace;`?
app/[locale]/dashboard/creator/page.tsx(29,11): error TS1438: Interface must be given a name.
app/[locale]/dashboard/creator/page.tsx(29,28): error TS1434: Unexpected keyword or identifier.
app/[locale]/dashboard/creator/page.tsx(34,9): error TS1109: Expression expected.
app/[locale]/dashboard/creator/page.tsx(35,17): error TS1005: ',' expected.
app/[locale]/dashboard/creator/page.tsx(36,65): error TS1005: ',' expected.
app/[locale]/dashboard/creator/page.tsx(38,9): error TS1109: Expression expected.
app/[locale]/dashboard/creator/page.tsx(220,29): error TS1003: Identifier expected.
app/[locale]/dashboard/creator/page.tsx(220,43): error TS1005: ',' expected.
app/[locale]/dashboard/creator/page.tsx(220,47): error TS1005: ',' expected.
app/[locale]/dashboard/creator/page.tsx(223,30): error TS1005: ',' expected.
app/[locale]/dashboard/creator/page.tsx(223,36): error TS1005: ',' expected.
app/[locale]/dashboard/creator/page.tsx(223,48): error TS1005: ',' expected.
app/[locale]/dashboard/creator/page.tsx(223,52): error TS1005: ':' expected.
app/[locale]/dashboard/creator/page.tsx(230,30): error TS1005: ',' expected.
app/[locale]/dashboard/creator/page.tsx(230,38): error TS1005: ',' expected.
app/[locale]/dashboard/creator/page.tsx(230,50): error TS1005: ',' expected.
app/[locale]/dashboard/creator/page.tsx(230,54): error TS1005: ':' expected.
app/[locale]/dashboard/creator/page.tsx(241,30): error TS1005: ',' expected.
app/[locale]/dashboard/creator/page.tsx(241,35): error TS1005: ',' expected.
app/[locale]/dashboard/creator/page.tsx(241,47): error TS1005: ',' expected.
app/[locale]/dashboard/creator/page.tsx(241,51): error TS1005: ':' expected.
app/[locale]/dashboard/creator/page.tsx(248,30): error TS1005: ',' expected.
app/[locale]/dashboard/creator/page.tsx(248,37): error TS1005: ',' expected.
app/[locale]/dashboard/creator/page.tsx(248,49): error TS1005: ',' expected.
app/[locale]/dashboard/creator/page.tsx(248,53): error TS1005: ':' expected.
app/[locale]/dashboard/creator/page.tsx(254,30): error TS1005: ',' expected.
app/[locale]/dashboard/creator/page.tsx(254,38): error TS1005: ',' expected.
app/[locale]/dashboard/creator/page.tsx(254,50): error TS1005: ',' expected.
app/[locale]/dashboard/creator/page.tsx(254,54): error TS1005: ':' expected.
app/[locale]/dashboard/creator/page.tsx(260,30): error TS1005: ',' expected.
app/[locale]/dashboard/creator/page.tsx(260,38): error TS1005: ',' expected.
app/[locale]/dashboard/creator/page.tsx(260,50): error TS1005: ',' expected.
app/[locale]/dashboard/creator/page.tsx(260,54): error TS1005: ':' expected.
app/[locale]/dashboard/creator/page.tsx(266,30): error TS1005: ',' expected.
app/[locale]/dashboard/creator/page.tsx(266,43): error TS1005: ',' expected.
app/[locale]/dashboard/creator/page.tsx(266,55): error TS1005: ',' expected.
app/[locale]/dashboard/creator/page.tsx(266,59): error TS1005: ':' expected.
app/[locale]/dashboard/creator/page.tsx(337,35): error TS1005: ':' expected.
app/[locale]/dashboard/creator/page.tsx(337,49): error TS1381: Unexpected token. Did you mean `{'}'}` or `&rbrace;`?
app/[locale]/dashboard/creator/page.tsx(339,19): error TS1381: Unexpected token. Did you mean `{'}'}` or `&rbrace;`?
app/[locale]/dashboard/user/page.tsx(356,203): error TS1005: ':' expected.
